[debug] [2023-06-01T17:51:00.102Z] ----------------------------------------------------------------------
[debug] [2023-06-01T17:51:00.104Z] Command:       C:\Program Files\nodejs\node.exe C:\Users\hafee\AppData\Roaming\npm\node_modules\firebase-tools\lib\bin\firebase.js init
[debug] [2023-06-01T17:51:00.105Z] CLI Version:   12.2.1
[debug] [2023-06-01T17:51:00.105Z] Platform:      win32
[debug] [2023-06-01T17:51:00.105Z] Node Version:  v18.12.1
[debug] [2023-06-01T17:51:00.106Z] Time:          Thu Jun 01 2023 23:21:00 GMT+0530 (India Standard Time)
[debug] [2023-06-01T17:51:00.107Z] ----------------------------------------------------------------------
[debug] 
[debug] [2023-06-01T17:51:00.224Z] > command requires scopes: ["email","openid","https://www.googleapis.com/auth/cloudplatformprojects.readonly","https://www.googleapis.com/auth/firebase","https://www.googleapis.com/auth/cloud-platform"]
[debug] [2023-06-01T17:51:00.225Z] > authorizing via signed-in user (hafeefapc2003@gmail.com)
[info] 
     ######## #### ########  ######## ########     ###     ######  ########
     ##        ##  ##     ## ##       ##     ##  ##   ##  ##       ##
     ######    ##  ########  ######   ########  #########  ######  ######
     ##        ##  ##    ##  ##       ##     ## ##     ##       ## ##
     ##       #### ##     ## ######## ########  ##     ##  ######  ########

You're about to initialize a Firebase project in this directory:

  C:\Users\hafee\OneDrive\Desktop\firebase

Before we get started, keep in mind:

  * You are initializing within an existing Firebase project directory

[debug] [2023-06-01T17:51:14.523Z] Error: Timed out.
    at Timeout._onTimeout (C:\Users\hafee\AppData\Roaming\npm\node_modules\firebase-tools\lib\utils.js:253:49)
    at listOnTimeout (node:internal/timers:564:17)
    at process.processTimers (node:internal/timers:507:7)
[error] 
[error] Error: An unexpected error has occurred.
[debug] [2023-06-01T17:51:23.913Z] ----------------------------------------------------------------------
[debug] [2023-06-01T17:51:23.917Z] Command:       C:\Program Files\nodejs\node.exe C:\Users\hafee\AppData\Roaming\npm\node_modules\firebase-tools\lib\bin\firebase.js init
[debug] [2023-06-01T17:51:23.917Z] CLI Version:   12.2.1
[debug] [2023-06-01T17:51:23.918Z] Platform:      win32
[debug] [2023-06-01T17:51:23.918Z] Node Version:  v18.12.1
[debug] [2023-06-01T17:51:23.919Z] Time:          Thu Jun 01 2023 23:21:23 GMT+0530 (India Standard Time)
[debug] [2023-06-01T17:51:23.919Z] ----------------------------------------------------------------------
[debug] 
[debug] [2023-06-01T17:51:24.022Z] > command requires scopes: ["email","openid","https://www.googleapis.com/auth/cloudplatformprojects.readonly","https://www.googleapis.com/auth/firebase","https://www.googleapis.com/auth/cloud-platform"]
[debug] [2023-06-01T17:51:24.024Z] > authorizing via signed-in user (hafeefapc2003@gmail.com)
[info] 
     ######## #### ########  ######## ########     ###     ######  ########
     ##        ##  ##     ## ##       ##     ##  ##   ##  ##       ##
     ######    ##  ########  ######   ########  #########  ######  ######
     ##        ##  ##    ##  ##       ##     ## ##     ##       ## ##
     ##       #### ##     ## ######## ########  ##     ##  ######  ########

You're about to initialize a Firebase project in this directory:

  C:\Users\hafee\OneDrive\Desktop\firebase

Before we get started, keep in mind:

  * You are initializing within an existing Firebase project directory

[info] 
=== Project Setup
[info] 
[info] First, let's associate this project directory with a Firebase project.
[info] You can create multiple project aliases by running firebase use --add, 
[info] but for now we'll just set up a default project.
[info] 
[debug] [2023-06-01T17:54:23.741Z] Using project from CLI flag: fir-course-2c133
[debug] [2023-06-01T17:54:23.747Z] > refreshing access token with scopes: []
[debug] [2023-06-01T17:54:23.753Z] >>> [apiv2][query] POST https://www.googleapis.com/oauth2/v3/token [none]
[debug] [2023-06-01T17:54:23.753Z] >>> [apiv2][body] POST https://www.googleapis.com/oauth2/v3/token [omitted]
[debug] [2023-06-01T17:54:24.237Z] <<< [apiv2][status] POST https://www.googleapis.com/oauth2/v3/token 200
[debug] [2023-06-01T17:54:24.237Z] <<< [apiv2][body] POST https://www.googleapis.com/oauth2/v3/token [omitted]
[debug] [2023-06-01T17:54:24.251Z] >>> [apiv2][query] GET https://firebase.googleapis.com/v1beta1/projects/fir-course-2c133 [none]
[debug] [2023-06-01T17:54:45.332Z] Failed to make request to https://firebase.googleapis.com/v1beta1/projects/fir-course-2c133
[debug] [2023-06-01T17:54:50.348Z] Error: Timed out.
    at Timeout._onTimeout (C:\Users\hafee\AppData\Roaming\npm\node_modules\firebase-tools\lib\utils.js:253:49)
    at listOnTimeout (node:internal/timers:564:17)
    at process.processTimers (node:internal/timers:507:7)
[error] 
[error] Error: An unexpected error has occurred.
[debug] [2023-06-01T17:55:35.090Z] ----------------------------------------------------------------------
[debug] [2023-06-01T17:55:35.093Z] Command:       C:\Program Files\nodejs\node.exe C:\Users\hafee\AppData\Roaming\npm\node_modules\firebase-tools\lib\bin\firebase.js init
[debug] [2023-06-01T17:55:35.093Z] CLI Version:   12.2.1
[debug] [2023-06-01T17:55:35.094Z] Platform:      win32
[debug] [2023-06-01T17:55:35.094Z] Node Version:  v18.12.1
[debug] [2023-06-01T17:55:35.095Z] Time:          Thu Jun 01 2023 23:25:35 GMT+0530 (India Standard Time)
[debug] [2023-06-01T17:55:35.095Z] ----------------------------------------------------------------------
[debug] 
[debug] [2023-06-01T17:55:35.184Z] > command requires scopes: ["email","openid","https://www.googleapis.com/auth/cloudplatformprojects.readonly","https://www.googleapis.com/auth/firebase","https://www.googleapis.com/auth/cloud-platform"]
[debug] [2023-06-01T17:55:35.185Z] > authorizing via signed-in user (hafeefapc2003@gmail.com)
[info] 
     ######## #### ########  ######## ########     ###     ######  ########
     ##        ##  ##     ## ##       ##     ##  ##   ##  ##       ##
     ######    ##  ########  ######   ########  #########  ######  ######
     ##        ##  ##    ##  ##       ##     ## ##     ##       ## ##
     ##       #### ##     ## ######## ########  ##     ##  ######  ########

You're about to initialize a Firebase project in this directory:

  C:\Users\hafee\OneDrive\Desktop\firebase

Before we get started, keep in mind:

  * You are initializing within an existing Firebase project directory

[info] 
=== Project Setup
[info] 
[info] First, let's associate this project directory with a Firebase project.
[info] You can create multiple project aliases by running firebase use --add, 
[info] but for now we'll just set up a default project.
[info] 
[debug] [2023-06-01T17:55:48.248Z] Using project from CLI flag: fir-course-2c133
[debug] [2023-06-01T17:55:48.253Z] >>> [apiv2][query] GET https://firebase.googleapis.com/v1beta1/projects/fir-course-2c133 [none]
[debug] [2023-06-01T17:55:49.045Z] <<< [apiv2][status] GET https://firebase.googleapis.com/v1beta1/projects/fir-course-2c133 200
[debug] [2023-06-01T17:55:49.046Z] <<< [apiv2][body] GET https://firebase.googleapis.com/v1beta1/projects/fir-course-2c133 {"projectId":"fir-course-2c133","projectNumber":"859789562005","displayName":"Firebase-Course","name":"projects/fir-course-2c133","resources":{"hostingSite":"fir-course-2c133","storageBucket":"fir-course-2c133.appspot.com","locationId":"asia-south1"},"state":"ACTIVE","etag":"1_e41bd19b-bf7d-431a-9630-5dcc5ca7b46f"}
[info] i  Using project fir-course-2c133 (Firebase-Course) 
[info] 
=== Hosting Setup
[info] 
[info] Your public directory is the folder (relative to your project directory) that
[info] will contain Hosting assets to be uploaded with firebase deploy. If you
[info] have a build process for your assets, use your build's output directory.
[info] 
[debug] [2023-06-01T17:56:02.884Z] >>> [apiv2][query] GET https://www.gstatic.com/firebasejs/releases.json [none]
[debug] [2023-06-01T17:56:03.185Z] <<< [apiv2][status] GET https://www.gstatic.com/firebasejs/releases.json 200
[debug] [2023-06-01T17:56:03.185Z] <<< [apiv2][body] GET https://www.gstatic.com/firebasejs/releases.json {"current":{"version":"9.22.1","browserURL":"https://www.gstatic.com/firebasejs/9.22.1/firebase.js","packageURL":"https://www.gstatic.com/firebasejs/9.22.1/firebase.tgz"},"live":{"version":"9.22","browserURL":"https://www.gstatic.com/firebasejs/live/9.22/firebase.js","packageURL":"https://www.gstatic.com/firebasejs/live/9.22/firebase.tgz"},"components":{"analytics":"https://www.gstatic.com/firebasejs/9.22.1/firebase-analytics.js","app":"https://www.gstatic.com/firebasejs/9.22.1/firebase-app.js","app-check":"https://www.gstatic.com/firebasejs/9.22.1/firebase-app-check.js","auth":"https://www.gstatic.com/firebasejs/9.22.1/firebase-auth.js","auth/cordova":"https://www.gstatic.com/firebasejs/9.22.1/firebase-auth/cordova.js","auth/react-native":"https://www.gstatic.com/firebasejs/9.22.1/firebase-auth/react-native.js","functions":"https://www.gstatic.com/firebasejs/9.22.1/firebase-functions.js","firestore":"https://www.gstatic.com/firebasejs/9.22.1/firebase-firestore.js","firestore/lite":"https://www.gstatic.com/firebasejs/9.22.1/firebase-firestore/lite.js","installations":"https://www.gstatic.com/firebasejs/9.22.1/firebase-installations.js","storage":"https://www.gstatic.com/firebasejs/9.22.1/firebase-storage.js","performance":"https://www.gstatic.com/firebasejs/9.22.1/firebase-performance.js","remote-config":"https://www.gstatic.com/firebasejs/9.22.1/firebase-remote-config.js","messaging":"https://www.gstatic.com/firebasejs/9.22.1/firebase-messaging.js","messaging/sw":"https://www.gstatic.com/firebasejs/9.22.1/firebase-messaging/sw.js","database":"https://www.gstatic.com/firebasejs/9.22.1/firebase-database.js","firestore.memory":"https://www.gstatic.com/firebasejs/9.22.1/firebase-firestore.memory.js"}}
[info] +  Wrote public/index.html 
[info] 
[info] i  Detected a .git folder at C:\Users\hafee\OneDrive\Desktop\firebase 
[info] i  Authorizing with GitHub to upload your service account to a GitHub repository's secrets store. 
[info] 
[info] Visit this URL on this device to log in:
[info] https://github.com/login/oauth/authorize?client_id=89cf50f02ac6aaed3484&state=26997949&redirect_uri=http%3A%2F%2Flocalhost%3A9005&scope=read%3Auser%20repo%20public_repo
[info] 
[info] Waiting for authentication...
[debug] [2023-06-01T17:56:38.085Z] >>> [apiv2][query] POST https://github.com/login/oauth/access_token [none]
[debug] [2023-06-01T17:56:38.085Z] >>> [apiv2][body] POST https://github.com/login/oauth/access_token [stream]
[debug] [2023-06-01T17:56:38.676Z] <<< [apiv2][status] POST https://github.com/login/oauth/access_token 200
[debug] [2023-06-01T17:56:38.677Z] <<< [apiv2][body] POST https://github.com/login/oauth/access_token {"access_token":"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","token_type":"bearer","scope":"read:user,repo"}
[debug] [2023-06-01T17:56:38.695Z] >>> [apiv2][query] GET https://api.github.com/user [none]
[debug] [2023-06-01T17:56:39.251Z] <<< [apiv2][status] GET https://api.github.com/user 200
[debug] [2023-06-01T17:56:39.251Z] <<< [apiv2][body] GET https://api.github.com/user {"login":"HafeefaPC","id":121932603,"node_id":"U_kgDOB0SLOw","avatar_url":"https://avatars.githubusercontent.com/u/121932603?v=4","gravatar_id":"","url":"https://api.github.com/users/HafeefaPC","html_url":"https://github.com/HafeefaPC","followers_url":"https://api.github.com/users/HafeefaPC/followers","following_url":"https://api.github.com/users/HafeefaPC/following{/other_user}","gists_url":"https://api.github.com/users/HafeefaPC/gists{/gist_id}","starred_url":"https://api.github.com/users/HafeefaPC/starred{/owner}{/repo}","subscriptions_url":"https://api.github.com/users/HafeefaPC/subscriptions","organizations_url":"https://api.github.com/users/HafeefaPC/orgs","repos_url":"https://api.github.com/users/HafeefaPC/repos","events_url":"https://api.github.com/users/HafeefaPC/events{/privacy}","received_events_url":"https://api.github.com/users/HafeefaPC/received_events","type":"User","site_admin":false,"name":"HafeefaPC","company":null,"blog":"","location":null,"email":null,"hireable":null,"bio":null,"twitter_username":null,"public_repos":12,"public_gists":0,"followers":1,"following":1,"created_at":"2023-01-04T08:35:33Z","updated_at":"2023-05-17T13:34:31Z","private_gists":0,"total_private_repos":0,"owned_private_repos":0,"disk_usage":14573,"collaborators":0,"two_factor_authentication":false,"plan":{"name":"free","space":976562499,"collaborators":0,"private_repos":10000}}
[info] 
[info] +  Success! Logged into GitHub as HafeefaPC 
[info] 
[debug] [2023-06-01T17:56:46.492Z] >>> [apiv2][query] GET https://api.github.com/repos//actions/secrets/public-key type=owner
[debug] [2023-06-01T17:56:46.980Z] <<< [apiv2][status] GET https://api.github.com/repos//actions/secrets/public-key 404
[debug] [2023-06-01T17:56:46.981Z] <<< [apiv2][body] GET https://api.github.com/repos//actions/secrets/public-key {"message":"Not Found","documentation_url":"https://docs.github.com/rest"}
[info] 
[info] 
[error] !  The provided authorization cannot be used with this repository. If this repository is in an organization, did you remember to grant access? 
[info] 
[info] i  Action required: Visit this URL to ensure access has been granted to the appropriate organization(s) for the Firebase CLI GitHub OAuth App: 
[info] https://github.com/settings/connections/applications/89cf50f02ac6aaed3484
[info] 
[debug] [2023-06-01T17:56:50.855Z] >>> [apiv2][query] GET https://api.github.com/repos//actions/secrets/public-key type=owner
[debug] [2023-06-01T17:56:51.342Z] <<< [apiv2][status] GET https://api.github.com/repos//actions/secrets/public-key 404
[debug] [2023-06-01T17:56:51.342Z] <<< [apiv2][body] GET https://api.github.com/repos//actions/secrets/public-key {"message":"Not Found","documentation_url":"https://docs.github.com/rest"}
[info] 
[info] 
[error] !  The provided authorization cannot be used with this repository. If this repository is in an organization, did you remember to grant access? 
[info] 
[info] i  Action required: Visit this URL to ensure access has been granted to the appropriate organization(s) for the Firebase CLI GitHub OAuth App: 
[info] https://github.com/settings/connections/applications/89cf50f02ac6aaed3484
[info] 
[debug] [2023-06-01T18:01:20.613Z] >>> [apiv2][query] GET https://api.github.com/repos/user/actions/secrets/public-key type=owner
[debug] [2023-06-01T18:01:21.213Z] <<< [apiv2][status] GET https://api.github.com/repos/user/actions/secrets/public-key 404
[debug] [2023-06-01T18:01:21.214Z] <<< [apiv2][body] GET https://api.github.com/repos/user/actions/secrets/public-key {"message":"Not Found","documentation_url":"https://docs.github.com/rest"}
[info] 
[info] 
[error] !  The provided authorization cannot be used with this repository. If this repository is in an organization, did you remember to grant access? 
[info] 
[info] i  Action required: Visit this URL to ensure access has been granted to the appropriate organization(s) for the Firebase CLI GitHub OAuth App: 
[info] https://github.com/settings/connections/applications/89cf50f02ac6aaed3484
[info] 
[debug] [2023-06-01T18:01:24.500Z] >>> [apiv2][query] GET https://api.github.com/repos/user/actions/secrets/public-key type=owner
[debug] [2023-06-01T18:01:25.014Z] <<< [apiv2][status] GET https://api.github.com/repos/user/actions/secrets/public-key 404
[debug] [2023-06-01T18:01:25.015Z] <<< [apiv2][body] GET https://api.github.com/repos/user/actions/secrets/public-key {"message":"Not Found","documentation_url":"https://docs.github.com/rest"}
[info] 
[info] 
[error] !  The provided authorization cannot be used with this repository. If this repository is in an organization, did you remember to grant access? 
[info] 
[info] i  Action required: Visit this URL to ensure access has been granted to the appropriate organization(s) for the Firebase CLI GitHub OAuth App: 
[info] https://github.com/settings/connections/applications/89cf50f02ac6aaed3484
[info] 
[debug] [2023-06-01T18:11:44.345Z] ----------------------------------------------------------------------
[debug] [2023-06-01T18:11:44.347Z] Command:       C:\Program Files\nodejs\node.exe C:\Users\hafee\AppData\Roaming\npm\node_modules\firebase-tools\lib\bin\firebase.js init hosting
[debug] [2023-06-01T18:11:44.348Z] CLI Version:   12.2.1
[debug] [2023-06-01T18:11:44.348Z] Platform:      win32
[debug] [2023-06-01T18:11:44.349Z] Node Version:  v18.12.1
[debug] [2023-06-01T18:11:44.349Z] Time:          Thu Jun 01 2023 23:41:44 GMT+0530 (India Standard Time)
[debug] [2023-06-01T18:11:44.350Z] ----------------------------------------------------------------------
[debug] 
[debug] [2023-06-01T18:11:44.440Z] > command requires scopes: ["email","openid","https://www.googleapis.com/auth/cloudplatformprojects.readonly","https://www.googleapis.com/auth/firebase","https://www.googleapis.com/auth/cloud-platform"]
[debug] [2023-06-01T18:11:44.441Z] > authorizing via signed-in user (hafeefapc2003@gmail.com)
[info] 
     ######## #### ########  ######## ########     ###     ######  ########
     ##        ##  ##     ## ##       ##     ##  ##   ##  ##       ##
     ######    ##  ########  ######   ########  #########  ######  ######
     ##        ##  ##    ##  ##       ##     ## ##     ##       ## ##
     ##       #### ##     ## ######## ########  ##     ##  ######  ########

You're about to initialize a Firebase project in this directory:

  C:\Users\hafee\OneDrive\Desktop\firebase

Before we get started, keep in mind:

  * You are initializing within an existing Firebase project directory

[info] 
=== Project Setup
[info] 
[info] First, let's associate this project directory with a Firebase project.
[info] You can create multiple project aliases by running firebase use --add, 
[info] but for now we'll just set up a default project.
[info] 
[debug] [2023-06-01T18:11:47.802Z] Using project from CLI flag: fir-course-2c133
[debug] [2023-06-01T18:11:47.810Z] >>> [apiv2][query] GET https://firebase.googleapis.com/v1beta1/projects/fir-course-2c133 [none]
[debug] [2023-06-01T18:11:48.621Z] <<< [apiv2][status] GET https://firebase.googleapis.com/v1beta1/projects/fir-course-2c133 200
[debug] [2023-06-01T18:11:48.622Z] <<< [apiv2][body] GET https://firebase.googleapis.com/v1beta1/projects/fir-course-2c133 {"projectId":"fir-course-2c133","projectNumber":"859789562005","displayName":"Firebase-Course","name":"projects/fir-course-2c133","resources":{"hostingSite":"fir-course-2c133","storageBucket":"fir-course-2c133.appspot.com","locationId":"asia-south1"},"state":"ACTIVE","etag":"1_e41bd19b-bf7d-431a-9630-5dcc5ca7b46f"}
[info] i  Using project fir-course-2c133 (Firebase-Course) 
[info] 
=== Hosting Setup
[info] 
[info] Your public directory is the folder (relative to your project directory) that
[info] will contain Hosting assets to be uploaded with firebase deploy. If you
[info] have a build process for your assets, use your build's output directory.
[info] 
[debug] [2023-06-01T18:12:07.485Z] >>> [apiv2][query] GET https://www.gstatic.com/firebasejs/releases.json [none]
[debug] [2023-06-01T18:12:07.789Z] <<< [apiv2][status] GET https://www.gstatic.com/firebasejs/releases.json 200
[debug] [2023-06-01T18:12:07.789Z] <<< [apiv2][body] GET https://www.gstatic.com/firebasejs/releases.json {"current":{"version":"9.22.1","browserURL":"https://www.gstatic.com/firebasejs/9.22.1/firebase.js","packageURL":"https://www.gstatic.com/firebasejs/9.22.1/firebase.tgz"},"live":{"version":"9.22","browserURL":"https://www.gstatic.com/firebasejs/live/9.22/firebase.js","packageURL":"https://www.gstatic.com/firebasejs/live/9.22/firebase.tgz"},"components":{"analytics":"https://www.gstatic.com/firebasejs/9.22.1/firebase-analytics.js","app":"https://www.gstatic.com/firebasejs/9.22.1/firebase-app.js","app-check":"https://www.gstatic.com/firebasejs/9.22.1/firebase-app-check.js","auth":"https://www.gstatic.com/firebasejs/9.22.1/firebase-auth.js","auth/cordova":"https://www.gstatic.com/firebasejs/9.22.1/firebase-auth/cordova.js","auth/react-native":"https://www.gstatic.com/firebasejs/9.22.1/firebase-auth/react-native.js","functions":"https://www.gstatic.com/firebasejs/9.22.1/firebase-functions.js","firestore":"https://www.gstatic.com/firebasejs/9.22.1/firebase-firestore.js","firestore/lite":"https://www.gstatic.com/firebasejs/9.22.1/firebase-firestore/lite.js","installations":"https://www.gstatic.com/firebasejs/9.22.1/firebase-installations.js","storage":"https://www.gstatic.com/firebasejs/9.22.1/firebase-storage.js","performance":"https://www.gstatic.com/firebasejs/9.22.1/firebase-performance.js","remote-config":"https://www.gstatic.com/firebasejs/9.22.1/firebase-remote-config.js","messaging":"https://www.gstatic.com/firebasejs/9.22.1/firebase-messaging.js","messaging/sw":"https://www.gstatic.com/firebasejs/9.22.1/firebase-messaging/sw.js","database":"https://www.gstatic.com/firebasejs/9.22.1/firebase-database.js","firestore.memory":"https://www.gstatic.com/firebasejs/9.22.1/firebase-firestore.memory.js"}}
[info] +  Wrote y/index.html 
[info] 
[info] i  Detected a .git folder at C:\Users\hafee\OneDrive\Desktop\firebase 
[info] i  Authorizing with GitHub to upload your service account to a GitHub repository's secrets store. 
[info] 
[info] Visit this URL on this device to log in:
[info] https://github.com/login/oauth/authorize?client_id=89cf50f02ac6aaed3484&state=219034467&redirect_uri=http%3A%2F%2Flocalhost%3A9005&scope=read%3Auser%20repo%20public_repo
[info] 
[info] Waiting for authentication...
[debug] [2023-06-01T18:13:21.535Z] >>> [apiv2][query] POST https://github.com/login/oauth/access_token [none]
[debug] [2023-06-01T18:13:21.536Z] >>> [apiv2][body] POST https://github.com/login/oauth/access_token [stream]
[debug] [2023-06-01T18:13:22.210Z] <<< [apiv2][status] POST https://github.com/login/oauth/access_token 200
[debug] [2023-06-01T18:13:22.210Z] <<< [apiv2][body] POST https://github.com/login/oauth/access_token {"access_token":"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","token_type":"bearer","scope":"read:user,repo"}
[debug] [2023-06-01T18:13:22.233Z] >>> [apiv2][query] GET https://api.github.com/user [none]
[debug] [2023-06-01T18:13:22.850Z] <<< [apiv2][status] GET https://api.github.com/user 200
[debug] [2023-06-01T18:13:22.850Z] <<< [apiv2][body] GET https://api.github.com/user {"login":"HafeefaPC","id":121932603,"node_id":"U_kgDOB0SLOw","avatar_url":"https://avatars.githubusercontent.com/u/121932603?v=4","gravatar_id":"","url":"https://api.github.com/users/HafeefaPC","html_url":"https://github.com/HafeefaPC","followers_url":"https://api.github.com/users/HafeefaPC/followers","following_url":"https://api.github.com/users/HafeefaPC/following{/other_user}","gists_url":"https://api.github.com/users/HafeefaPC/gists{/gist_id}","starred_url":"https://api.github.com/users/HafeefaPC/starred{/owner}{/repo}","subscriptions_url":"https://api.github.com/users/HafeefaPC/subscriptions","organizations_url":"https://api.github.com/users/HafeefaPC/orgs","repos_url":"https://api.github.com/users/HafeefaPC/repos","events_url":"https://api.github.com/users/HafeefaPC/events{/privacy}","received_events_url":"https://api.github.com/users/HafeefaPC/received_events","type":"User","site_admin":false,"name":"HafeefaPC","company":null,"blog":"","location":null,"email":null,"hireable":null,"bio":null,"twitter_username":null,"public_repos":12,"public_gists":0,"followers":1,"following":1,"created_at":"2023-01-04T08:35:33Z","updated_at":"2023-05-17T13:34:31Z","private_gists":0,"total_private_repos":0,"owned_private_repos":0,"disk_usage":14573,"collaborators":0,"two_factor_authentication":false,"plan":{"name":"free","space":976562499,"collaborators":0,"private_repos":10000}}
[info] 
[info] +  Success! Logged into GitHub as HafeefaPC 
[info] 
[debug] [2023-06-01T18:14:13.317Z] >>> [apiv2][query] GET https://api.github.com/repos/git status/actions/secrets/public-key type=owner
[debug] [2023-06-01T18:14:13.825Z] <<< [apiv2][status] GET https://api.github.com/repos/git status/actions/secrets/public-key 404
[debug] [2023-06-01T18:14:13.825Z] <<< [apiv2][body] GET https://api.github.com/repos/git status/actions/secrets/public-key {"message":"Not Found","documentation_url":"https://docs.github.com/rest"}
[info] 
[info] 
[error] !  The provided authorization cannot be used with this repository. If this repository is in an organization, did you remember to grant access? 
[info] 
[info] i  Action required: Visit this URL to ensure access has been granted to the appropriate organization(s) for the Firebase CLI GitHub OAuth App: 
[info] https://github.com/settings/connections/applications/89cf50f02ac6aaed3484
[info] 
